----------------------------------------------------------------
Mon May 18 11:35:46 ICT 2020:
Booting Derby version The Apache Software Foundation - Apache Derby - 10.12.1.1 - (1704137): instance a816c00e-0172-2610-f8c1-000033035320 
on database directory memory:C:\Users\yusuf\OneDrive\Documents\GitHub\bigdata\Time Series with class loader org.knime.bigdata.spark.local.wrapper.LocalSparkWrapperFactory$1@47808f3c 
Loaded from file:/C:/Program%20Files/KNIME/plugins/org.knime.bigdata.spark.local_4.1.0.v201909301105/libs/derby-10.12.1.1.jar
java.vendor=AdoptOpenJdk
java.runtime.version=1.8.0_202-b08
user.dir=C:\Users\yusuf\OneDrive\Documents\GitHub\bigdata\Time Series
os.name=Windows 10
os.arch=amd64
os.version=10.0
derby.system.home=null
Database Class Loader started - derby.database.classpath=''
----------------------------------------------------------------
Mon May 18 11:36:21 ICT 2020:
Booting Derby version The Apache Software Foundation - Apache Derby - 10.12.1.1 - (1704137): instance e89683a5-0172-2610-f8c1-000033035320 
on database directory memory:C:\Users\yusuf\OneDrive\Documents\GitHub\bigdata\Time Series\6fa93669-a0bf-4466-bf36-261bc5de9018 with class loader org.knime.bigdata.spark.local.wrapper.LocalSparkWrapperFactory$1@47808f3c 
Loaded from file:/C:/Program%20Files/KNIME/plugins/org.knime.bigdata.spark.local_4.1.0.v201909301105/libs/derby-10.12.1.1.jar
java.vendor=AdoptOpenJdk
java.runtime.version=1.8.0_202-b08
user.dir=C:\Users\yusuf\OneDrive\Documents\GitHub\bigdata\Time Series
os.name=Windows 10
os.arch=amd64
os.version=10.0
derby.system.home=null
Database Class Loader started - derby.database.classpath=''
